build/app/intermediates/manifest_merge_blame_file/debug/manifest-merger-blame-debug-report.txt
1<?xml version="1.0" encoding="utf-8"?>
2<manifest xmlns:android="http://schemas.android.com/apk/res/android"
3    package="com.example.project_flutter"
4    android:versionCode="1"
5    android:versionName="1.0.0" >
6
7    <uses-sdk
8        android:minSdkVersion="16"
9        android:targetSdkVersion="30" />
10    <!--
11         Flutter needs it to communicate with the running application
12         to allow setting breakpoints, to provide hot reload, etc.
13    -->
14    <uses-permission android:name="android.permission.INTERNET" />
14-->src/debug/AndroidManifest.xml:6:5-66
14-->src/debug/AndroidManifest.xml:6:22-64
15    <uses-permission android:name="android.permission.ACCESS_FINE_LOCATION" />
15-->src/main/AndroidManifest.xml:3:5-78
15-->src/main/AndroidManifest.xml:3:22-76
16    <uses-permission android:name="android.permission.ACCESS_COARSE_LOCATION" />
16-->src/main/AndroidManifest.xml:4:5-80
16-->src/main/AndroidManifest.xml:4:22-78
17    <uses-permission android:name="android.permission.FOREGROUND_SERVICE" />
17-->[:geolocator_android] AndroidManifest.xml:7:5-77
17-->[:geolocator_android] AndroidManifest.xml:7:22-74
18    <uses-permission android:name="android.permission.ACCESS_NETWORK_STATE" />
18-->[com.google.firebase:firebase-auth:21.0.3] AndroidManifest.xml:24:5-79
18-->[com.google.firebase:firebase-auth:21.0.3] AndroidManifest.xml:24:22-76
19
20    <application
20-->src/main/AndroidManifest.xml:5:4-42:19
21        android:name="androidx.multidex.MultiDexApplication"
22        android:appComponentFactory="androidx.core.app.CoreComponentFactory"
22-->[androidx.core:core:1.8.0] AndroidManifest.xml:24:18-86
23        android:debuggable="true"
24        android:icon="@mipmap/ic_launcher"
24-->src/main/AndroidManifest.xml:7:9-43
25        android:label="MuslimHub" >
25-->src/main/AndroidManifest.xml:6:9-34
26        <activity
26-->src/main/AndroidManifest.xml:8:9-36:20
27            android:name="com.example.project_flutter.MainActivity"
27-->src/main/AndroidManifest.xml:9:13-41
28            android:configChanges="orientation|keyboardHidden|keyboard|screenSize|smallestScreenSize|locale|layoutDirection|fontScale|screenLayout|density|uiMode"
28-->src/main/AndroidManifest.xml:12:13-163
29            android:hardwareAccelerated="true"
29-->src/main/AndroidManifest.xml:13:13-47
30            android:launchMode="singleTop"
30-->src/main/AndroidManifest.xml:10:13-43
31            android:theme="@style/LaunchTheme"
31-->src/main/AndroidManifest.xml:11:13-47
32            android:windowSoftInputMode="adjustResize" >
32-->src/main/AndroidManifest.xml:14:13-55
33
34            <!--
35                 Specifies an Android theme to apply to this Activity as soon as
36                 the Android process has started. This theme is visible to the user
37                 while the Flutter UI initializes. After that, this theme continues
38                 to determine the Window background behind the Flutter UI.
39            -->
40            <meta-data
40-->src/main/AndroidManifest.xml:19:13-22:17
41                android:name="io.flutter.embedding.android.NormalTheme"
41-->src/main/AndroidManifest.xml:20:15-70
42                android:resource="@style/NormalTheme" />
42-->src/main/AndroidManifest.xml:21:15-52
43            <!--
44                 Displays an Android View that continues showing the launch screen
45                 Drawable until Flutter paints its first frame, then this splash
46                 screen fades out. A splash screen is useful to avoid any visual
47                 gap between the end of Android's launch screen and the painting of
48                 Flutter's first frame.
49            -->
50            <meta-data
50-->src/main/AndroidManifest.xml:28:13-31:17
51                android:name="io.flutter.embedding.android.SplashScreenDrawable"
51-->src/main/AndroidManifest.xml:29:15-79
52                android:resource="@drawable/launch_background" />
52-->src/main/AndroidManifest.xml:30:15-61
53
54            <intent-filter>
54-->src/main/AndroidManifest.xml:32:13-35:29
55                <action android:name="android.intent.action.MAIN" />
55-->src/main/AndroidManifest.xml:33:17-68
55-->src/main/AndroidManifest.xml:33:25-66
56
57                <category android:name="android.intent.category.LAUNCHER" />
57-->src/main/AndroidManifest.xml:34:17-76
57-->src/main/AndroidManifest.xml:34:27-74
58            </intent-filter>
59        </activity>
60        <!--
61             Don't delete the meta-data below.
62             This is used by the Flutter tool to generate GeneratedPluginRegistrant.java
63        -->
64        <meta-data
64-->src/main/AndroidManifest.xml:39:9-41:33
65            android:name="flutterEmbedding"
65-->src/main/AndroidManifest.xml:40:13-44
66            android:value="2" />
66-->src/main/AndroidManifest.xml:41:13-30
67
68        <service
68-->[:firebase_auth] AndroidManifest.xml:8:9-12:19
69            android:name="com.google.firebase.components.ComponentDiscoveryService"
69-->[:firebase_auth] AndroidManifest.xml:8:18-89
70            android:directBootAware="true"
70-->[com.google.firebase:firebase-common:20.1.1] AndroidManifest.xml:35:13-43
71            android:exported="false" >
71-->[com.google.firebase:firebase-auth:21.0.3] AndroidManifest.xml:66:13-37
72            <meta-data
72-->[:firebase_auth] AndroidManifest.xml:9:13-11:85
73                android:name="com.google.firebase.components:io.flutter.plugins.firebase.auth.FlutterFirebaseAuthRegistrar"
73-->[:firebase_auth] AndroidManifest.xml:10:17-124
74                android:value="com.google.firebase.components.ComponentRegistrar" />
74-->[:firebase_auth] AndroidManifest.xml:11:17-82
75            <meta-data
75-->[:firebase_core] AndroidManifest.xml:9:13-11:85
76                android:name="com.google.firebase.components:io.flutter.plugins.firebase.core.FlutterFirebaseCoreRegistrar"
76-->[:firebase_core] AndroidManifest.xml:10:17-124
77                android:value="com.google.firebase.components.ComponentRegistrar" />
77-->[:firebase_core] AndroidManifest.xml:11:17-82
78            <meta-data
78-->[com.google.firebase:firebase-auth:21.0.3] AndroidManifest.xml:67:13-69:85
79                android:name="com.google.firebase.components:com.google.firebase.auth.FirebaseAuthRegistrar"
79-->[com.google.firebase:firebase-auth:21.0.3] AndroidManifest.xml:68:17-109
80                android:value="com.google.firebase.components.ComponentRegistrar" />
80-->[com.google.firebase:firebase-auth:21.0.3] AndroidManifest.xml:69:17-82
81        </service>
82        <service
82-->[:geolocator_android] AndroidManifest.xml:10:9-14:56
83            android:name="com.baseflow.geolocator.GeolocatorLocationService"
83-->[:geolocator_android] AndroidManifest.xml:11:13-77
84            android:enabled="true"
84-->[:geolocator_android] AndroidManifest.xml:12:13-35
85            android:exported="false"
85-->[:geolocator_android] AndroidManifest.xml:13:13-37
86            android:foregroundServiceType="location" />
86-->[:geolocator_android] AndroidManifest.xml:14:13-53
87
88        <provider
88-->[:image_picker_android] AndroidManifest.xml:8:9-16:20
89            android:name="io.flutter.plugins.imagepicker.ImagePickerFileProvider"
89-->[:image_picker_android] AndroidManifest.xml:9:13-82
90            android:authorities="com.example.project_flutter.flutter.image_provider"
90-->[:image_picker_android] AndroidManifest.xml:10:13-74
91            android:exported="false"
91-->[:image_picker_android] AndroidManifest.xml:11:13-37
92            android:grantUriPermissions="true" >
92-->[:image_picker_android] AndroidManifest.xml:12:13-47
93            <meta-data
93-->[:image_picker_android] AndroidManifest.xml:13:13-15:75
94                android:name="android.support.FILE_PROVIDER_PATHS"
94-->[:image_picker_android] AndroidManifest.xml:14:17-67
95                android:resource="@xml/flutter_image_picker_file_paths" />
95-->[:image_picker_android] AndroidManifest.xml:15:17-72
96        </provider>
97
98        <activity
98-->[:url_launcher_android] AndroidManifest.xml:8:9-11:74
99            android:name="io.flutter.plugins.urllauncher.WebViewActivity"
99-->[:url_launcher_android] AndroidManifest.xml:9:13-74
100            android:exported="false"
100-->[:url_launcher_android] AndroidManifest.xml:10:13-37
101            android:theme="@android:style/Theme.NoTitleBar.Fullscreen" />
101-->[:url_launcher_android] AndroidManifest.xml:11:13-71
102
103        <service
103-->[:location] AndroidManifest.xml:11:9-15:56
104            android:name="com.lyokone.location.FlutterLocationService"
104-->[:location] AndroidManifest.xml:12:13-71
105            android:enabled="true"
105-->[:location] AndroidManifest.xml:13:13-35
106            android:exported="false"
106-->[:location] AndroidManifest.xml:14:13-37
107            android:foregroundServiceType="location" />
107-->[:location] AndroidManifest.xml:15:13-53
108
109        <uses-library
109-->[androidx.window:window:1.0.0-beta04] AndroidManifest.xml:25:9-27:40
110            android:name="androidx.window.extensions"
110-->[androidx.window:window:1.0.0-beta04] AndroidManifest.xml:26:13-54
111            android:required="false" />
111-->[androidx.window:window:1.0.0-beta04] AndroidManifest.xml:27:13-37
112        <uses-library
112-->[androidx.window:window:1.0.0-beta04] AndroidManifest.xml:28:9-30:40
113            android:name="androidx.window.sidecar"
113-->[androidx.window:window:1.0.0-beta04] AndroidManifest.xml:29:13-51
114            android:required="false" />
114-->[androidx.window:window:1.0.0-beta04] AndroidManifest.xml:30:13-37
115
116        <activity
116-->[com.google.firebase:firebase-auth:21.0.3] AndroidManifest.xml:27:9-44:20
117            android:name="com.google.firebase.auth.internal.GenericIdpActivity"
117-->[com.google.firebase:firebase-auth:21.0.3] AndroidManifest.xml:28:13-80
118            android:excludeFromRecents="true"
118-->[com.google.firebase:firebase-auth:21.0.3] AndroidManifest.xml:29:13-46
119            android:exported="true"
119-->[com.google.firebase:firebase-auth:21.0.3] AndroidManifest.xml:30:13-36
120            android:launchMode="singleTask"
120-->[com.google.firebase:firebase-auth:21.0.3] AndroidManifest.xml:31:13-44
121            android:theme="@android:style/Theme.Translucent.NoTitleBar" >
121-->[com.google.firebase:firebase-auth:21.0.3] AndroidManifest.xml:32:13-72
122            <intent-filter>
122-->[com.google.firebase:firebase-auth:21.0.3] AndroidManifest.xml:33:13-43:29
123                <action android:name="android.intent.action.VIEW" />
123-->[com.google.firebase:firebase-auth:21.0.3] AndroidManifest.xml:34:17-69
123-->[com.google.firebase:firebase-auth:21.0.3] AndroidManifest.xml:34:25-66
124
125                <category android:name="android.intent.category.DEFAULT" />
125-->[com.google.firebase:firebase-auth:21.0.3] AndroidManifest.xml:36:17-76
125-->[com.google.firebase:firebase-auth:21.0.3] AndroidManifest.xml:36:27-73
126                <category android:name="android.intent.category.BROWSABLE" />
126-->[com.google.firebase:firebase-auth:21.0.3] AndroidManifest.xml:37:17-78
126-->[com.google.firebase:firebase-auth:21.0.3] AndroidManifest.xml:37:27-75
127
128                <data
128-->[com.google.firebase:firebase-auth:21.0.3] AndroidManifest.xml:39:17-42:51
129                    android:host="firebase.auth"
129-->[com.google.firebase:firebase-auth:21.0.3] AndroidManifest.xml:40:21-49
130                    android:path="/"
130-->[com.google.firebase:firebase-auth:21.0.3] AndroidManifest.xml:41:21-37
131                    android:scheme="genericidp" />
131-->[com.google.firebase:firebase-auth:21.0.3] AndroidManifest.xml:42:21-48
132            </intent-filter>
133        </activity>
134        <activity
134-->[com.google.firebase:firebase-auth:21.0.3] AndroidManifest.xml:45:9-62:20
135            android:name="com.google.firebase.auth.internal.RecaptchaActivity"
135-->[com.google.firebase:firebase-auth:21.0.3] AndroidManifest.xml:46:13-79
136            android:excludeFromRecents="true"
136-->[com.google.firebase:firebase-auth:21.0.3] AndroidManifest.xml:47:13-46
137            android:exported="true"
137-->[com.google.firebase:firebase-auth:21.0.3] AndroidManifest.xml:48:13-36
138            android:launchMode="singleTask"
138-->[com.google.firebase:firebase-auth:21.0.3] AndroidManifest.xml:49:13-44
139            android:theme="@android:style/Theme.Translucent.NoTitleBar" >
139-->[com.google.firebase:firebase-auth:21.0.3] AndroidManifest.xml:50:13-72
140            <intent-filter>
140-->[com.google.firebase:firebase-auth:21.0.3] AndroidManifest.xml:51:13-61:29
141                <action android:name="android.intent.action.VIEW" />
141-->[com.google.firebase:firebase-auth:21.0.3] AndroidManifest.xml:34:17-69
141-->[com.google.firebase:firebase-auth:21.0.3] AndroidManifest.xml:34:25-66
142
143                <category android:name="android.intent.category.DEFAULT" />
143-->[com.google.firebase:firebase-auth:21.0.3] AndroidManifest.xml:36:17-76
143-->[com.google.firebase:firebase-auth:21.0.3] AndroidManifest.xml:36:27-73
144                <category android:name="android.intent.category.BROWSABLE" />
144-->[com.google.firebase:firebase-auth:21.0.3] AndroidManifest.xml:37:17-78
144-->[com.google.firebase:firebase-auth:21.0.3] AndroidManifest.xml:37:27-75
145
146                <data
146-->[com.google.firebase:firebase-auth:21.0.3] AndroidManifest.xml:39:17-42:51
147                    android:host="firebase.auth"
147-->[com.google.firebase:firebase-auth:21.0.3] AndroidManifest.xml:40:21-49
148                    android:path="/"
148-->[com.google.firebase:firebase-auth:21.0.3] AndroidManifest.xml:41:21-37
149                    android:scheme="recaptcha" />
149-->[com.google.firebase:firebase-auth:21.0.3] AndroidManifest.xml:42:21-48
150            </intent-filter>
151        </activity>
152
153        <provider
153-->[com.google.firebase:firebase-common:20.1.1] AndroidManifest.xml:26:9-31:39
154            android:name="com.google.firebase.provider.FirebaseInitProvider"
154-->[com.google.firebase:firebase-common:20.1.1] AndroidManifest.xml:27:13-77
155            android:authorities="com.example.project_flutter.firebaseinitprovider"
155-->[com.google.firebase:firebase-common:20.1.1] AndroidManifest.xml:28:13-72
156            android:directBootAware="true"
156-->[com.google.firebase:firebase-common:20.1.1] AndroidManifest.xml:29:13-43
157            android:exported="false"
157-->[com.google.firebase:firebase-common:20.1.1] AndroidManifest.xml:30:13-37
158            android:initOrder="100" />
158-->[com.google.firebase:firebase-common:20.1.1] AndroidManifest.xml:31:13-36
159
160        <activity
160-->[com.google.android.gms:play-services-base:17.1.0] AndroidManifest.xml:23:9-26:75
161            android:name="com.google.android.gms.common.api.GoogleApiActivity"
161-->[com.google.android.gms:play-services-base:17.1.0] AndroidManifest.xml:24:13-79
162            android:exported="false"
162-->[com.google.android.gms:play-services-base:17.1.0] AndroidManifest.xml:25:13-37
163            android:theme="@android:style/Theme.Translucent.NoTitleBar" />
163-->[com.google.android.gms:play-services-base:17.1.0] AndroidManifest.xml:26:13-72
164
165        <meta-data
165-->[com.google.android.gms:play-services-basement:18.0.0] AndroidManifest.xml:21:9-23:69
166            android:name="com.google.android.gms.version"
166-->[com.google.android.gms:play-services-basement:18.0.0] AndroidManifest.xml:22:13-58
167            android:value="@integer/google_play_services_version" />
167-->[com.google.android.gms:play-services-basement:18.0.0] AndroidManifest.xml:23:13-66
168    </application>
169
170</manifest>